<?xml version="1.0" encoding="utf-8"?><testsuites name="pytest tests"><testsuite name="pytest" errors="0" failures="0" skipped="0" tests="6" time="7.386" timestamp="2026-03-18T19:43:10.072364+00:00" hostname="agent-env-63bd7d59-1006-40f0-98a2-2637ac05eb93"><testcase classname="backend.tests.test_product_availability.TestBackendAvailabilityAPI" name="test_mark_product_sold_out" time="2.756" /><testcase classname="backend.tests.test_product_availability.TestBackendAvailabilityAPI" name="test_mark_product_available" time="1.397" /><testcase classname="backend.tests.test_product_availability.TestBackendAvailabilityAPI" name="test_reject_invalid_status" time="0.737" /><testcase classname="backend.tests.test_product_availability.TestBackendAvailabilityAPI" name="test_returns_availability_status_field" time="0.882" /><testcase classname="backend.tests.test_product_availability.TestBackendAvailabilityAPI" name="test_unauthorized_patch_rejected" time="0.699" /><testcase classname="backend.tests.test_product_availability.TestBackendAvailabilityAPI" name="test_nonexistent_product_returns_404" time="0.858" /></testsuite></testsuites>